<?xml version="1.0" encoding="UTF-8"?>
<!-- Generated by org.testng.reporters.JUnitReportReporter -->
<testsuite hostname="DESKTOP-KUBTV6Q" failures="0" tests="1" name="testpkg.storenvytest" time="0.112" errors="0" timestamp="2024-02-15T18:52:22 IST" skipped="0">
  <testcase classname="testpkg.storenvytest" name="testing" time="0.112"/>
</testsuite> <!-- testpkg.storenvytest -->
